0 info it worked if it ends with ok
1 verbose cli [ '/usr/local/Cellar/node/5.4.0/bin/node',
1 verbose cli   '/usr/local/bin/npm',
1 verbose cli   'start' ]
2 info using npm@3.3.12
3 info using node@v5.4.0
4 verbose run-script [ 'prestart', 'start', 'poststart' ]
5 info lifecycle party_app@1.0.0~prestart: party_app@1.0.0
6 silly lifecycle party_app@1.0.0~prestart: no script for prestart, continuing
7 info lifecycle party_app@1.0.0~start: party_app@1.0.0
8 verbose lifecycle party_app@1.0.0~start: unsafe-perm in lifecycle true
9 verbose lifecycle party_app@1.0.0~start: PATH: /usr/local/lib/node_modules/npm/bin/node-gyp-bin:/Users/Alexius/projects/party_app/node_modules/.bin:/usr/local:/usr/local/bin:/usr/local/sbin:/usr/bin:/usr/local/heroku/bin:/Users/Alexius/Applications:/usr/local/Cellar/php56/5.6.4/bin:/opt/local/bin:/usr/local/bin:/usr/local/share/npm/bin:/Users/Alexius/bin:/usr/local:/usr/local/bin:/usr/bin:/bin:/usr/sbin:/sbin:/usr/local/mysql/bin
10 verbose lifecycle party_app@1.0.0~start: CWD: /Users/Alexius/projects/party_app
11 silly lifecycle party_app@1.0.0~start: Args: [ '-c', 'babel-node index.js' ]
12 silly lifecycle party_app@1.0.0~start: Returned: code: 1  signal: null
13 info lifecycle party_app@1.0.0~start: Failed to exec start script
14 verbose stack Error: party_app@1.0.0 start: `babel-node index.js`
14 verbose stack Exit status 1
14 verbose stack     at EventEmitter.<anonymous> (/usr/local/lib/node_modules/npm/lib/utils/lifecycle.js:232:16)
14 verbose stack     at emitTwo (events.js:87:13)
14 verbose stack     at EventEmitter.emit (events.js:172:7)
14 verbose stack     at ChildProcess.<anonymous> (/usr/local/lib/node_modules/npm/lib/utils/spawn.js:24:14)
14 verbose stack     at emitTwo (events.js:87:13)
14 verbose stack     at ChildProcess.emit (events.js:172:7)
14 verbose stack     at maybeClose (internal/child_process.js:821:16)
14 verbose stack     at Process.ChildProcess._handle.onexit (internal/child_process.js:211:5)
15 verbose pkgid party_app@1.0.0
16 verbose cwd /Users/Alexius/projects/party_app
17 error Darwin 15.5.0
18 error argv "/usr/local/Cellar/node/5.4.0/bin/node" "/usr/local/bin/npm" "start"
19 error node v5.4.0
20 error npm  v3.3.12
21 error code ELIFECYCLE
22 error party_app@1.0.0 start: `babel-node index.js`
22 error Exit status 1
23 error Failed at the party_app@1.0.0 start script 'babel-node index.js'.
23 error Make sure you have the latest version of node.js and npm installed.
23 error If you do, this is most likely a problem with the party_app package,
23 error not with npm itself.
23 error Tell the author that this fails on your system:
23 error     babel-node index.js
23 error You can get their info via:
23 error     npm owner ls party_app
23 error There is likely additional logging output above.
24 verbose exit [ 1, true ]
